<?xml version="1.0" encoding="UTF-8"?>
<!-- Generated by org.testng.reporters.JUnitXMLReporter -->
<testsuite hostname="DESKTOP-IT4F933" ignored="0" name="Surefire test" tests="6" failures="0" timestamp="2020-04-10T15:59:28 SGT" time="0.126" errors="0">
  <testcase name="IOSApps" time="0.012" classname="TestCases.AppiumTest"/>
  <testcase name="NativeAPPAndroid" time="0.0" classname="TestCases.AppiumTest"/>
  <testcase name="DeleteTwitter" time="0.0" classname="TestCases.RestAPITest"/>
  <testcase name="postJirsa" time="0.001" classname="TestCases.RestAPITest"/>
  <testcase name="BrowserAutomaiton" time="0.0" classname="TestCases.SeleniumTest"/>
  <testcase name="elementsUI" time="0.0" classname="TestCases.SeleniumTest"/>
</testsuite> <!-- Surefire test -->
