<?xml version="1.0" encoding="UTF-8"?>
<!-- Generated by org.testng.reporters.JUnitXMLReporter -->
<testsuite hostname="DESKTOP-IT4F933" ignored="0" name="Test" tests="6" failures="0" timestamp="2020-04-13T10:41:51 SGT" time="0.132" errors="0">
  <testcase name="BrowserAutomaiton" time="0.014" classname="TestCases.SeleniumTest"/>
  <testcase name="elementsUI" time="0.002" classname="TestCases.SeleniumTest"/>
  <testcase name="IOSApps" time="0.005" classname="TestCases.AppiumTest"/>
  <testcase name="NativeAPPAndroid" time="0.003" classname="TestCases.AppiumTest"/>
  <testcase name="DeleteTwitter" time="0.003" classname="TestCases.RestAPITest"/>
  <testcase name="postJirsa" time="0.004" classname="TestCases.RestAPITest"/>
</testsuite> <!-- Test -->
