<?xml version="1.0" encoding="UTF-8"?>
<!-- Generated by org.testng.reporters.JUnitXMLReporter -->
<testsuite hostname="DESKTOP-IT4F933" ignored="0" name="Test" tests="6" failures="0" timestamp="2020-04-13T10:44:17 SGT" time="0.073" errors="0">
  <testcase name="BrowserAutomaiton" time="0.007" classname="TestCases.SeleniumTest"/>
  <testcase name="elementsUI" time="0.0" classname="TestCases.SeleniumTest"/>
  <testcase name="IOSApps" time="0.0" classname="TestCases.AppiumTest"/>
  <testcase name="NativeAPPAndroid" time="0.002" classname="TestCases.AppiumTest"/>
  <testcase name="DeleteTwitter" time="0.001" classname="TestCases.RestAPITest"/>
  <testcase name="postJirsa" time="0.0" classname="TestCases.RestAPITest"/>
</testsuite> <!-- Test -->
