<?xml version="1.0" encoding="UTF-8"?>
<testng-results skipped="0" failed="0" ignored="0" total="6" passed="6">
  <reporter-output>
  </reporter-output>
  <suite name="Suite" duration-ms="132" started-at="2020-04-13T10:41:51 SGT" finished-at="2020-04-13T10:41:51 SGT">
    <groups>
    </groups>
    <test name="Test" duration-ms="132" started-at="2020-04-13T10:41:51 SGT" finished-at="2020-04-13T10:41:51 SGT">
      <class name="TestCases.SeleniumTest">
        <test-method status="PASS" signature="BrowserAutomaiton()[pri:0, instance:TestCases.SeleniumTest@704a52ec]" name="BrowserAutomaiton" duration-ms="14" started-at="2020-04-13T10:41:51 SGT" finished-at="2020-04-13T10:41:51 SGT">
          <reporter-output>
          </reporter-output>
        </test-method> <!-- BrowserAutomaiton -->
        <test-method status="PASS" signature="elementsUI()[pri:0, instance:TestCases.SeleniumTest@704a52ec]" name="elementsUI" duration-ms="2" started-at="2020-04-13T10:41:51 SGT" finished-at="2020-04-13T10:41:51 SGT">
          <reporter-output>
          </reporter-output>
        </test-method> <!-- elementsUI -->
      </class> <!-- TestCases.SeleniumTest -->
      <class name="TestCases.RestAPITest">
        <test-method status="PASS" signature="DeleteTwitter()[pri:0, instance:TestCases.RestAPITest@4493d195]" name="DeleteTwitter" duration-ms="3" started-at="2020-04-13T10:41:51 SGT" finished-at="2020-04-13T10:41:51 SGT">
          <reporter-output>
          </reporter-output>
        </test-method> <!-- DeleteTwitter -->
        <test-method status="PASS" signature="postJirsa()[pri:0, instance:TestCases.RestAPITest@4493d195]" name="postJirsa" duration-ms="4" started-at="2020-04-13T10:41:51 SGT" finished-at="2020-04-13T10:41:51 SGT">
          <reporter-output>
          </reporter-output>
        </test-method> <!-- postJirsa -->
      </class> <!-- TestCases.RestAPITest -->
      <class name="TestCases.AppiumTest">
        <test-method status="PASS" signature="IOSApps()[pri:0, instance:TestCases.AppiumTest@6ee52dcd]" name="IOSApps" duration-ms="5" started-at="2020-04-13T10:41:51 SGT" finished-at="2020-04-13T10:41:51 SGT">
          <reporter-output>
          </reporter-output>
        </test-method> <!-- IOSApps -->
        <test-method status="PASS" signature="NativeAPPAndroid()[pri:0, instance:TestCases.AppiumTest@6ee52dcd]" name="NativeAPPAndroid" duration-ms="3" started-at="2020-04-13T10:41:51 SGT" finished-at="2020-04-13T10:41:51 SGT">
          <reporter-output>
          </reporter-output>
        </test-method> <!-- NativeAPPAndroid -->
      </class> <!-- TestCases.AppiumTest -->
    </test> <!-- Test -->
  </suite> <!-- Suite -->
</testng-results>
